<?xml version="1.0" encoding="UTF-8"?>
<testng-results ignored="0" total="2" passed="2" failed="0" skipped="0">
  <reporter-output>
  </reporter-output>
  <suite started-at="2023-05-09T19:26:46 IST" name="Default suite" finished-at="2023-05-09T19:26:46 IST" duration-ms="48">
    <groups>
    </groups>
    <test started-at="2023-05-09T19:26:46 IST" name="Default test" finished-at="2023-05-09T19:26:46 IST" duration-ms="48">
      <class name="test.ng.keywords2.Example1">
        <test-method signature="test1()[pri:0, instance:test.ng.keywords2.Example1@1aa7ecca]" started-at="2023-05-09T19:26:46 IST" name="test1" finished-at="2023-05-09T19:26:46 IST" duration-ms="7" status="PASS">
          <reporter-output>
          </reporter-output>
        </test-method> <!-- test1 -->
        <test-method signature="test2()[pri:1, instance:test.ng.keywords2.Example1@1aa7ecca]" started-at="2023-05-09T19:26:46 IST" name="test2" finished-at="2023-05-09T19:26:46 IST" depends-on-methods="test.ng.keywords2.Example1.test1" duration-ms="1" status="PASS">
          <reporter-output>
          </reporter-output>
        </test-method> <!-- test2 -->
      </class> <!-- test.ng.keywords2.Example1 -->
    </test> <!-- Default test -->
  </suite> <!-- Default suite -->
</testng-results>
